# JRE version: Java(TM) SE Runtime Environment (17.0.2+8) (build 17.0.2+8-LTS-86)
# Java VM: Java HotSpot(TM) 64-Bit Server VM (17.0.2+8-LTS-86, mixed mode, emulated-client, sharing, tiered, compressed oops, compressed class ptrs, g1 gc, windows-amd64)
GC Precious Log:
 CPUs: 12 total, 12 available
 Memory: 16315M
 Large Page Support: Disabled
 NUMA Support: Disabled
 Compressed Oops: Enabled (Zero based)
 Heap Region Size: 4M
 Heap Min Capacity: 8M
 Heap Initial Capacity: 256M
 Heap Max Capacity: 6G
 Pre-touch: Disabled
 Parallel Workers: 10
 Concurrent Workers: 3
 Concurrent Refinement Workers: 10
 Periodic GC: Disabled
Heap:
 garbage-first heap   total 81920K, used 46668K [0x0000000680000000, 0x0000000800000000)
  region size 4096K, 7 young (28672K), 0 survivors (0K)
 Metaspace       used 54228K, committed 54656K, reserved 1097728K
  class space    used 7601K, committed 7808K, reserved 1048576K
GC Heap History (20 events):
Event: 2.033 GC heap before
{Heap before GC invocations=6 (full 0):
 garbage-first heap   total 69632K, used 20233K [0x0000000680000000, 0x0000000800000000)
  region size 4096K, 2 young (8192K), 1 survivors (4096K)
 Metaspace       used 26271K, committed 26624K, reserved 1073152K
  class space    used 3657K, committed 3840K, reserved 1048576K
}
Event: 2.035 GC heap after
{Heap after GC invocations=7 (full 0):
 garbage-first heap   total 69632K, used 17072K [0x0000000680000000, 0x0000000800000000)
  region size 4096K, 1 young (4096K), 1 survivors (4096K)
 Metaspace       used 26271K, committed 26624K, reserved 1073152K
  class space    used 3657K, committed 3840K, reserved 1048576K
}
Event: 2.372 GC heap before
{Heap before GC invocations=7 (full 0):
 garbage-first heap   total 69632K, used 45744K [0x0000000680000000, 0x0000000800000000)
  region size 4096K, 8 young (32768K), 1 survivors (4096K)
 Metaspace       used 32870K, committed 33152K, reserved 1081344K
  class space    used 4613K, committed 4736K, reserved 1048576K
}
Event: 2.374 GC heap after
{Heap after GC invocations=8 (full 0):
 garbage-first heap   total 86016K, used 18749K [0x0000000680000000, 0x0000000800000000)
  region size 4096K, 1 young (4096K), 1 survivors (4096K)
 Metaspace       used 32870K, committed 33152K, reserved 1081344K
  class space    used 4613K, committed 4736K, reserved 1048576K
}
Event: 2.527 GC heap before
{Heap before GC invocations=8 (full 0):
 garbage-first heap   total 86016K, used 31037K [0x0000000680000000, 0x0000000800000000)
  region size 4096K, 5 young (20480K), 1 survivors (4096K)
 Metaspace       used 35678K, committed 35968K, reserved 1081344K
  class space    used 4966K, committed 5120K, reserved 1048576K
}
Event: 2.529 GC heap after
{Heap after GC invocations=9 (full 0):
 garbage-first heap   total 86016K, used 19476K [0x0000000680000000, 0x0000000800000000)
  region size 4096K, 1 young (4096K), 1 survivors (4096K)
 Metaspace       used 35678K, committed 35968K, reserved 1081344K
  class space    used 4966K, committed 5120K, reserved 1048576K
}
Event: 3.053 GC heap before
{Heap before GC invocations=10 (full 0):
 garbage-first heap   total 81920K, used 64532K [0x0000000680000000, 0x0000000800000000)
  region size 4096K, 12 young (49152K), 1 survivors (4096K)
 Metaspace       used 42653K, committed 43072K, reserved 1089536K
  class space    used 6097K, committed 6272K, reserved 1048576K
}
Event: 3.056 GC heap after
{Heap after GC invocations=11 (full 0):
 garbage-first heap   total 81920K, used 22653K [0x0000000680000000, 0x0000000800000000)
  region size 4096K, 2 young (8192K), 2 survivors (8192K)
 Metaspace       used 42653K, committed 43072K, reserved 1089536K
  class space    used 6097K, committed 6272K, reserved 1048576K
}
Event: 3.110 GC heap before
{Heap before GC invocations=11 (full 0):
 garbage-first heap   total 81920K, used 26749K [0x0000000680000000, 0x0000000800000000)
  region size 4096K, 3 young (12288K), 2 survivors (8192K)
 Metaspace       used 43218K, committed 43584K, reserved 1089536K
  class space    used 6173K, committed 6336K, reserved 1048576K
}
Event: 3.115 GC heap after
{Heap after GC invocations=12 (full 0):
 garbage-first heap   total 81920K, used 23078K [0x0000000680000000, 0x0000000800000000)
  region size 4096K, 1 young (4096K), 1 survivors (4096K)
 Metaspace       used 43218K, committed 43584K, reserved 1089536K
  class space    used 6173K, committed 6336K, reserved 1048576K
}
Event: 42.073 GC heap before
{Heap before GC invocations=12 (full 0):
 garbage-first heap   total 81920K, used 55846K [0x0000000680000000, 0x0000000800000000)
  region size 4096K, 9 young (36864K), 1 survivors (4096K)
 Metaspace       used 47469K, committed 47936K, reserved 1097728K
  class space    used 6751K, committed 6976K, reserved 1048576K
}
Event: 42.076 GC heap after
{Heap after GC invocations=13 (full 0):
 garbage-first heap   total 81920K, used 25028K [0x0000000680000000, 0x0000000800000000)
  region size 4096K, 1 young (4096K), 1 survivors (4096K)
 Metaspace       used 47469K, committed 47936K, reserved 1097728K
  class space    used 6751K, committed 6976K, reserved 1048576K
}
Event: 133.954 GC heap before
{Heap before GC invocations=13 (full 0):
 garbage-first heap   total 81920K, used 49604K [0x0000000680000000, 0x0000000800000000)
  region size 4096K, 9 young (36864K), 1 survivors (4096K)
 Metaspace       used 53890K, committed 54272K, reserved 1097728K
  class space    used 7553K, committed 7744K, reserved 1048576K
}
Event: 133.995 GC heap after
{Heap after GC invocations=14 (full 1):
 garbage-first heap   total 81920K, used 24615K [0x0000000680000000, 0x0000000800000000)
  region size 4096K, 0 young (0K), 0 survivors (0K)
 Metaspace       used 53887K, committed 54272K, reserved 1097728K
  class space    used 7552K, committed 7744K, reserved 1048576K
}
Event: 134.285 GC heap before
{Heap before GC invocations=14 (full 1):
 garbage-first heap   total 81920K, used 53287K [0x0000000680000000, 0x0000000800000000)
  region size 4096K, 8 young (32768K), 0 survivors (0K)
 Metaspace       used 53944K, committed 54336K, reserved 1097728K
  class space    used 7563K, committed 7744K, reserved 1048576K
}
Event: 134.287 GC heap after
{Heap after GC invocations=15 (full 1):
 garbage-first heap   total 81920K, used 27328K [0x0000000680000000, 0x0000000800000000)
  region size 4096K, 1 young (4096K), 1 survivors (4096K)
 Metaspace       used 53944K, committed 54336K, reserved 1097728K
  class space    used 7563K, committed 7744K, reserved 1048576K
}
Event: 134.574 GC heap before
{Heap before GC invocations=15 (full 1):
 garbage-first heap   total 81920K, used 56000K [0x0000000680000000, 0x0000000800000000)
  region size 4096K, 8 young (32768K), 1 survivors (4096K)
 Metaspace       used 54235K, committed 54656K, reserved 1097728K
  class space    used 7603K, committed 7808K, reserved 1048576K
}
Event: 134.577 GC heap after
{Heap after GC invocations=16 (full 1):
 garbage-first heap   total 81920K, used 29755K [0x0000000680000000, 0x0000000800000000)
  region size 4096K, 1 young (4096K), 1 survivors (4096K)
 Metaspace       used 54235K, committed 54656K, reserved 1097728K
  class space    used 7603K, committed 7808K, reserved 1048576K
}
Event: 183.049 GC heap before
{Heap before GC invocations=16 (full 1):
 garbage-first heap   total 81920K, used 29755K [0x0000000680000000, 0x0000000800000000)
  region size 4096K, 2 young (8192K), 1 survivors (4096K)
 Metaspace       used 54238K, committed 54656K, reserved 1097728K
  class space    used 7604K, committed 7808K, reserved 1048576K
}
Event: 183.092 GC heap after
{Heap after GC invocations=17 (full 2):
 garbage-first heap   total 81920K, used 22092K [0x0000000680000000, 0x0000000800000000)
  region size 4096K, 0 young (0K), 0 survivors (0K)
 Metaspace       used 54189K, committed 54656K, reserved 1097728K
  class space    used 7592K, committed 7808K, reserved 1048576K
}

